0.538916: sent: 0 
0.538916: peek() found: 0 
1: get_one() retrieved: 0
2.25469: sent: 1 2 3 
2.25469: peek() found: 1 
2.25469: get_one() retrieved: 1
2.25469: peek() found: 2 
2.25469: peek() found: 2 3 
3.25469: get_one() retrieved: 2
4.18666: sent: 4 5 
4.18666: peek() found: 3 4 
4.18666: peek() found: 3 4 5 
4.25469: get_one() retrieved: 3
4.50171: sent: 6 7 8 9 
4.50171: peek() found: 4 5 6 
4.50171: peek() found: 4 5 6 9 
4.50171: peek() found: 4 5 6 9 7 
4.50171: peek() found: 4 5 6 9 7 8 
4.67807: sent: 10 
4.67807: peek() found: 4 5 6 9 7 8 10 
5: get_all() retrieved: 4 5 6 9 7 8 10 
6.75093: sent: 11 12 13 
6.75093: peek() found: 11 
6.75093: get_one() retrieved: 11
6.75093: peek() found: 12 
6.75093: peek() found: 12 13 
7.57665: sent: 14 15 
7.57665: peek() found: 12 13 14 
7.57665: peek() found: 12 13 14 15 
7.75093: get_one() retrieved: 12
