<-- competition starts at 0 -->
77.5459: jerry finished
77.5459: jerry wins
<-- competition starts at 77.5459 -->
171.749: jerry finished
171.749: jerry wins
<-- competition starts at 171.749 -->
271.749: both disqualified
<-- competition starts at 271.749 -->
357.072: tom finished
357.072: tom wins
<-- competition starts at 357.072 -->
430.387: tom finished
430.387: tom wins
<-- competition starts at 430.387 -->
485.297: tom finished
485.297: tom wins
<-- competition starts at 485.297 -->
585.297: both disqualified
<-- competition starts at 585.297 -->
611.838: tom finished
611.838: tom wins
<-- competition starts at 611.838 -->
711.838: both disqualified
<-- competition starts at 711.838 -->
811.838: both disqualified
final result: tom:jerry=4:2
