list of all future events (num=5) at time 100 on simulator sim1:
  DE[4481626008]:105
  DE[4481530176]:125
  DE[4481955152]:145
  DE[4481955208]:165
  DE[4481955320]:185
list of all future events (num=20) at time -100 on simulator sim2:
  DE[4481955432]:-95
  DE[4481955544]:-85
  DE[4481955656]:-75
  DE[4481955768]:-65
  DE[4481955880]:-55
  DE[4481955992]:-45
  DE[4481956104]:-35
  DE[4481956216]:-25
  DE[4481956328]:-15
  DE[4481956440]:-5
  DE[4481956552]:5
  DE[4481956664]:15
  DE[4481956776]:25
  DE[4481956888]:35
  DE[4481957000]:45
  DE[4481957112]:55
  DE[4481957224]:65
  DE[4481957336]:75
  DE[4481957448]:85
  DE[4481957560]:95
'sim1' handles event at time 105
'sim2' handles event at time -95
'sim1' handles event at time 125
'sim2' handles event at time -85
'sim1' handles event at time 145
'sim2' handles event at time -75
'sim1' handles event at time 165
'sim2' handles event at time -65
'sim1' handles event at time 185
'sim2' handles event at time -55
'sim2' handles event at time -45
'sim2' handles event at time -35
'sim2' handles event at time -25
'sim2' handles event at time -15
'sim2' handles event at time -5
'sim2' handles event at time 5
'sim2' handles event at time 15
'sim2' handles event at time 25
'sim2' handles event at time 35
'sim2' handles event at time 45
'sim2' handles event at time 55
'sim2' handles event at time 65
'sim2' handles event at time 75
'sim2' handles event at time 85
'sim2' handles event at time 95
